Traceback (most recent call last):
  File "/home/krishmod/EE542-Project/FINAL/chess_ai/game_engine/main.py", line 209, in <module>
    setup_child_logging()
  File "/home/krishmod/EE542-Project/FINAL/chess_ai/game_engine/main.py", line 76, in setup_child_logging
    sys.stdout = Logger()
                 ^^^^^^^^
  File "/home/krishmod/EE542-Project/FINAL/chess_ai/game_engine/main.py", line 58, in __init__
    self.log = open(LOG_FILE, "a", buffering=1, encoding='utf-8')
               ^^^^^^^^^^^^^^^^^^^^^^^^^^^^^^^^^^^^^^^^^^^^^^^^^^
FileNotFoundError: [Errno 2] No such file or directory: 'gme_engine/logs/training_log.txt'
Traceback (most recent call last):
  File "/home/krishmod/EE542-Project/FINAL/chess_ai/game_engine/main.py", line 209, in <module>
    setup_child_logging()
  File "/home/krishmod/EE542-Project/FINAL/chess_ai/game_engine/main.py", line 76, in setup_child_logging
    sys.stdout = Logger()
                 ^^^^^^^^
  File "/home/krishmod/EE542-Project/FINAL/chess_ai/game_engine/main.py", line 58, in __init__
    self.log = open(LOG_FILE, "a", buffering=1, encoding='utf-8')
               ^^^^^^^^^^^^^^^^^^^^^^^^^^^^^^^^^^^^^^^^^^^^^^^^^^
IsADirectoryError: [Errno 21] Is a directory: 'game_engine/logs/training_log.txt'
